<?xml version="1.0" encoding="UTF-8"?>
<coverage generated="1750703488872" clover="3.2.0">
  <project timestamp="1750703488872" name="All files">
    <metrics statements="43" coveredstatements="39" conditionals="61" coveredconditionals="47" methods="8" coveredmethods="5" elements="112" coveredelements="91" complexity="0" loc="43" ncloc="43" packages="1" files="1" classes="1"/>
    <file name="RegisterForm.tsx" path="C:\xampp\htdocs\PlenaStudio\src\components\RegisterForm.tsx">
      <metrics statements="43" coveredstatements="39" conditionals="61" coveredconditionals="47" methods="8" coveredmethods="5"/>
      <line num="1" count="1" type="stmt"/>
      <line num="2" count="1" type="stmt"/>
      <line num="20" count="1" type="stmt"/>
      <line num="21" count="27" type="stmt"/>
      <line num="33" count="27" type="stmt"/>
      <line num="34" count="27" type="stmt"/>
      <line num="35" count="27" type="stmt"/>
      <line num="36" count="27" type="stmt"/>
      <line num="37" count="27" type="stmt"/>
      <line num="39" count="27" type="stmt"/>
      <line num="40" count="18" type="stmt"/>
      <line num="43" count="27" type="stmt"/>
      <line num="44" count="3" type="stmt"/>
      <line num="45" count="3" type="stmt"/>
      <line num="47" count="3" type="cond" truecount="2" falsecount="0"/>
      <line num="48" count="3" type="cond" truecount="2" falsecount="0"/>
      <line num="49" count="3" type="cond" truecount="2" falsecount="0"/>
      <line num="51" count="3" type="cond" truecount="2" falsecount="0"/>
      <line num="52" count="3" type="cond" truecount="2" falsecount="0"/>
      <line num="53" count="3" type="cond" truecount="2" falsecount="0"/>
      <line num="54" count="3" type="cond" truecount="2" falsecount="0"/>
      <line num="55" count="3" type="cond" truecount="2" falsecount="0"/>
      <line num="56" count="3" type="cond" truecount="1" falsecount="1"/>
      <line num="58" count="3" type="stmt"/>
      <line num="59" count="3" type="stmt"/>
      <line num="61" count="4" type="cond" truecount="2" falsecount="0"/>
      <line num="62" count="2" type="stmt"/>
      <line num="65" count="2" type="stmt"/>
      <line num="71" count="2" type="stmt"/>
      <line num="76" count="1" type="cond" truecount="1" falsecount="1"/>
      <line num="77" count="1" type="stmt"/>
      <line num="78" count="1" type="stmt"/>
      <line num="80" count="0" type="cond" truecount="0" falsecount="1"/>
      <line num="81" count="0" type="cond" truecount="0" falsecount="6"/>
      <line num="84" count="1" type="stmt"/>
      <line num="86" count="2" type="stmt"/>
      <line num="91" count="27" type="stmt"/>
      <line num="92" count="1" type="stmt"/>
      <line num="103" count="1" type="stmt"/>
      <line num="106" count="27" type="stmt"/>
      <line num="217" count="0" type="stmt"/>
      <line num="247" count="0" type="stmt"/>
      <line num="291" count="1" type="stmt"/>
    </file>
  </project>
</coverage>
