{"C:\\xampp\\htdocs\\PlenaStudio\\src\\components\\RegisterForm.tsx": {"path":"C:\\xampp\\htdocs\\PlenaStudio\\src\\components\\RegisterForm.tsx","statementMap":{"0":{"start":{"line":1,"column":0},"end":{"line":1,"column":40}},"1":{"start":{"line":2,"column":0},"end":{"line":2,"column":28}},"2":{"start":{"line":20,"column":31},"end":{"line":289,"column":1}},"3":{"start":{"line":21,"column":34},"end":{"line":31,"column":4}},"4":{"start":{"line":21,"column":17},"end":{"line":21,"column":19}},"5":{"start":{"line":21,"column":30},"end":{"line":21,"column":34}},"6":{"start":{"line":33,"column":32},"end":{"line":33,"column":53}},"7":{"start":{"line":33,"column":16},"end":{"line":33,"column":18}},"8":{"start":{"line":33,"column":28},"end":{"line":33,"column":32}},"9":{"start":{"line":34,"column":42},"end":{"line":34,"column":57}},"10":{"start":{"line":34,"column":21},"end":{"line":34,"column":23}},"11":{"start":{"line":34,"column":38},"end":{"line":34,"column":42}},"12":{"start":{"line":35,"column":40},"end":{"line":35,"column":55}},"13":{"start":{"line":35,"column":20},"end":{"line":35,"column":22}},"14":{"start":{"line":35,"column":36},"end":{"line":35,"column":40}},"15":{"start":{"line":36,"column":32},"end":{"line":36,"column":61}},"16":{"start":{"line":36,"column":16},"end":{"line":36,"column":18}},"17":{"start":{"line":36,"column":28},"end":{"line":36,"column":32}},"18":{"start":{"line":37,"column":34},"end":{"line":37,"column":49}},"19":{"start":{"line":37,"column":17},"end":{"line":37,"column":19}},"20":{"start":{"line":37,"column":30},"end":{"line":37,"column":34}},"21":{"start":{"line":39,"column":23},"end":{"line":41,"column":3}},"22":{"start":{"line":40,"column":4},"end":{"line":40,"column":66}},"23":{"start":{"line":43,"column":23},"end":{"line":89,"column":4}},"24":{"start":{"line":43,"column":65},"end":{"line":89,"column":4}},"25":{"start":{"line":44,"column":4},"end":{"line":44,"column":23}},"26":{"start":{"line":45,"column":10},"end":{"line":45,"column":34}},"27":{"start":{"line":47,"column":4},"end":{"line":47,"column":52}},"28":{"start":{"line":47,"column":27},"end":{"line":47,"column":52}},"29":{"start":{"line":48,"column":4},"end":{"line":48,"column":56}},"30":{"start":{"line":48,"column":29},"end":{"line":48,"column":56}},"31":{"start":{"line":49,"column":4},"end":{"line":49,"column":64}},"32":{"start":{"line":49,"column":40},"end":{"line":49,"column":64}},"33":{"start":{"line":51,"column":4},"end":{"line":51,"column":56}},"34":{"start":{"line":51,"column":29},"end":{"line":51,"column":56}},"35":{"start":{"line":52,"column":4},"end":{"line":52,"column":52}},"36":{"start":{"line":52,"column":27},"end":{"line":52,"column":52}},"37":{"start":{"line":53,"column":4},"end":{"line":53,"column":74}},"38":{"start":{"line":53,"column":38},"end":{"line":53,"column":74}},"39":{"start":{"line":54,"column":4},"end":{"line":54,"column":78}},"40":{"start":{"line":54,"column":40},"end":{"line":54,"column":78}},"41":{"start":{"line":55,"column":4},"end":{"line":55,"column":68}},"42":{"start":{"line":55,"column":40},"end":{"line":55,"column":68}},"43":{"start":{"line":56,"column":4},"end":{"line":56,"column":79}},"44":{"start":{"line":56,"column":52},"end":{"line":56,"column":79}},"45":{"start":{"line":58,"column":4},"end":{"line":58,"column":26}},"46":{"start":{"line":59,"column":4},"end":{"line":59,"column":21}},"47":{"start":{"line":61,"column":8},"end":{"line":61,"column":14}},"48":{"start":{"line":62,"column":6},"end":{"line":62,"column":24}},"49":{"start":{"line":65,"column":14},"end":{"line":70,"column":10}},"50":{"start":{"line":71,"column":25},"end":{"line":75,"column":null}},"51":{"start":{"line":71,"column":14},"end":{"line":75,"column":null}},"52":{"start":{"line":76,"column":12},"end":{"line":76,"column":20}},"53":{"start":{"line":77,"column":10},"end":{"line":77,"column":83}},"54":{"start":{"line":78,"column":10},"end":{"line":78,"column":30}},"55":{"start":{"line":80,"column":23},"end":{"line":80,"column":null}},"56":{"start":{"line":80,"column":57},"end":{"line":80,"column":62}},"57":{"start":{"line":80,"column":16},"end":{"line":80,"column":null}},"58":{"start":{"line":81,"column":10},"end":{"line":81,"column":69}},"59":{"start":{"line":84,"column":8},"end":{"line":84,"column":57}},"60":{"start":{"line":86,"column":8},"end":{"line":86,"column":27}},"61":{"start":{"line":91,"column":28},"end":{"line":104,"column":3}},"62":{"start":{"line":92,"column":4},"end":{"line":102,"column":7}},"63":{"start":{"line":103,"column":4},"end":{"line":103,"column":19}},"64":{"start":{"line":106,"column":2},"end":{"line":288,"column":4}},"65":{"start":{"line":217,"column":33},"end":{"line":217,"column":null}},"66":{"start":{"line":247,"column":33},"end":{"line":247,"column":null}},"67":{"start":{"line":291,"column":0},"end":{"line":291,"column":28}}},"fnMap":{"0":{"name":"(anonymous_24)","decl":{"start":{"line":20,"column":31},"end":{"line":20,"column":null}},"loc":{"start":{"line":20,"column":31},"end":{"line":289,"column":1}}},"1":{"name":"(anonymous_25)","decl":{"start":{"line":39,"column":23},"end":{"line":39,"column":24}},"loc":{"start":{"line":39,"column":82},"end":{"line":41,"column":3}}},"2":{"name":"(anonymous_26)","decl":{"start":{"line":43,"column":23},"end":{"line":43,"column":30}},"loc":{"start":{"line":43,"column":65},"end":{"line":89,"column":4}}},"3":{"name":"(anonymous_27)","decl":{"start":{"line":43,"column":65},"end":{"line":43,"column":null}},"loc":{"start":{"line":43,"column":65},"end":{"line":89,"column":4}}},"4":{"name":"(anonymous_29)","decl":{"start":{"line":80,"column":51},"end":{"line":80,"column":57}},"loc":{"start":{"line":80,"column":51},"end":{"line":80,"column":58}}},"5":{"name":"(anonymous_30)","decl":{"start":{"line":91,"column":28},"end":{"line":91,"column":null}},"loc":{"start":{"line":91,"column":28},"end":{"line":104,"column":3}}},"6":{"name":"(anonymous_31)","decl":{"start":{"line":217,"column":27},"end":{"line":217,"column":33}},"loc":{"start":{"line":217,"column":27},"end":{"line":217,"column":48}}},"7":{"name":"(anonymous_32)","decl":{"start":{"line":247,"column":27},"end":{"line":247,"column":33}},"loc":{"start":{"line":247,"column":27},"end":{"line":247,"column":47}}}},"branchMap":{"0":{"loc":{"start":{"line":80,"column":23},"end":{"line":80,"column":null}},"type":"switch","locations":[{"start":{"line":80,"column":23},"end":{"line":80,"column":null}}]},"1":{"loc":{"start":{"line":47,"column":4},"end":{"line":47,"column":52}},"type":"if","locations":[{"start":{"line":47,"column":4},"end":{"line":47,"column":52}},{"start":{},"end":{}}]},"2":{"loc":{"start":{"line":48,"column":4},"end":{"line":48,"column":56}},"type":"if","locations":[{"start":{"line":48,"column":4},"end":{"line":48,"column":56}},{"start":{},"end":{}}]},"3":{"loc":{"start":{"line":49,"column":4},"end":{"line":49,"column":64}},"type":"if","locations":[{"start":{"line":49,"column":4},"end":{"line":49,"column":64}},{"start":{},"end":{}}]},"4":{"loc":{"start":{"line":51,"column":4},"end":{"line":51,"column":56}},"type":"if","locations":[{"start":{"line":51,"column":4},"end":{"line":51,"column":56}},{"start":{},"end":{}}]},"5":{"loc":{"start":{"line":52,"column":4},"end":{"line":52,"column":52}},"type":"if","locations":[{"start":{"line":52,"column":4},"end":{"line":52,"column":52}},{"start":{},"end":{}}]},"6":{"loc":{"start":{"line":53,"column":4},"end":{"line":53,"column":74}},"type":"if","locations":[{"start":{"line":53,"column":4},"end":{"line":53,"column":74}},{"start":{},"end":{}}]},"7":{"loc":{"start":{"line":54,"column":4},"end":{"line":54,"column":78}},"type":"if","locations":[{"start":{"line":54,"column":4},"end":{"line":54,"column":78}},{"start":{},"end":{}}]},"8":{"loc":{"start":{"line":55,"column":4},"end":{"line":55,"column":68}},"type":"if","locations":[{"start":{"line":55,"column":4},"end":{"line":55,"column":68}},{"start":{},"end":{}}]},"9":{"loc":{"start":{"line":56,"column":4},"end":{"line":56,"column":79}},"type":"if","locations":[{"start":{"line":56,"column":4},"end":{"line":56,"column":79}},{"start":{},"end":{}}]},"10":{"loc":{"start":{"line":61,"column":8},"end":{"line":61,"column":14}},"type":"if","locations":[{"start":{"line":61,"column":8},"end":{"line":61,"column":14}},{"start":{},"end":{}}]},"11":{"loc":{"start":{"line":76,"column":12},"end":{"line":76,"column":20}},"type":"if","locations":[{"start":{"line":76,"column":12},"end":{"line":76,"column":20}},{"start":{},"end":{}}]},"12":{"loc":{"start":{"line":81,"column":21},"end":{"line":81,"column":67}},"type":"binary-expr","locations":[{"start":{"line":81,"column":21},"end":{"line":81,"column":34}},{"start":{"line":81,"column":38},"end":{"line":81,"column":67}}]},"13":{"loc":{"start":{"line":81,"column":21},"end":{"line":81,"column":34}},"type":"cond-expr","locations":[{"start":{"line":81,"column":25},"end":{"line":81,"column":27}},{"start":{"line":81,"column":21},"end":{"line":81,"column":34}}]},"14":{"loc":{"start":{"line":81,"column":21},"end":{"line":81,"column":27}},"type":"binary-expr","locations":[{"start":{"line":81,"column":21},"end":{"line":81,"column":27}},{"start":{"line":81,"column":21},"end":{"line":81,"column":27}}]},"15":{"loc":{"start":{"line":112,"column":7},"end":{"line":113,"column":null}},"type":"binary-expr","locations":[{"start":{"line":112,"column":7},"end":{"line":112,"column":14}},{"start":{"line":113,"column":8},"end":{"line":113,"column":122}}]},"16":{"loc":{"start":{"line":113,"column":29},"end":{"line":113,"column":85}},"type":"cond-expr","locations":[{"start":{"line":113,"column":70},"end":{"line":113,"column":77}},{"start":{"line":113,"column":80},"end":{"line":113,"column":85}}]},"17":{"loc":{"start":{"line":124,"column":27},"end":{"line":124,"column":57}},"type":"cond-expr","locations":[{"start":{"line":124,"column":45},"end":{"line":124,"column":52}},{"start":{"line":124,"column":55},"end":{"line":124,"column":57}}]},"18":{"loc":{"start":{"line":135,"column":27},"end":{"line":135,"column":59}},"type":"cond-expr","locations":[{"start":{"line":135,"column":47},"end":{"line":135,"column":54}},{"start":{"line":135,"column":57},"end":{"line":135,"column":59}}]},"19":{"loc":{"start":{"line":146,"column":27},"end":{"line":146,"column":56}},"type":"cond-expr","locations":[{"start":{"line":146,"column":44},"end":{"line":146,"column":51}},{"start":{"line":146,"column":54},"end":{"line":146,"column":56}}]},"20":{"loc":{"start":{"line":157,"column":27},"end":{"line":157,"column":59}},"type":"cond-expr","locations":[{"start":{"line":157,"column":47},"end":{"line":157,"column":54}},{"start":{"line":157,"column":57},"end":{"line":157,"column":59}}]},"21":{"loc":{"start":{"line":168,"column":27},"end":{"line":168,"column":57}},"type":"cond-expr","locations":[{"start":{"line":168,"column":45},"end":{"line":168,"column":52}},{"start":{"line":168,"column":55},"end":{"line":168,"column":57}}]},"22":{"loc":{"start":{"line":179,"column":27},"end":{"line":179,"column":68}},"type":"cond-expr","locations":[{"start":{"line":179,"column":56},"end":{"line":179,"column":63}},{"start":{"line":179,"column":66},"end":{"line":179,"column":68}}]},"23":{"loc":{"start":{"line":194,"column":27},"end":{"line":194,"column":70}},"type":"cond-expr","locations":[{"start":{"line":194,"column":58},"end":{"line":194,"column":65}},{"start":{"line":194,"column":68},"end":{"line":194,"column":70}}]},"24":{"loc":{"start":{"line":207,"column":45},"end":{"line":207,"column":78}},"type":"cond-expr","locations":[{"start":{"line":207,"column":66},"end":{"line":207,"column":73}},{"start":{"line":207,"column":76},"end":{"line":207,"column":78}}]},"25":{"loc":{"start":{"line":209,"column":24},"end":{"line":209,"column":58}},"type":"cond-expr","locations":[{"start":{"line":209,"column":39},"end":{"line":209,"column":45}},{"start":{"line":209,"column":48},"end":{"line":209,"column":58}}]},"26":{"loc":{"start":{"line":227,"column":38},"end":{"line":227,"column":78}},"type":"cond-expr","locations":[{"start":{"line":227,"column":53},"end":{"line":227,"column":67}},{"start":{"line":227,"column":70},"end":{"line":227,"column":78}}]},"27":{"loc":{"start":{"line":237,"column":45},"end":{"line":237,"column":77}},"type":"cond-expr","locations":[{"start":{"line":237,"column":65},"end":{"line":237,"column":72}},{"start":{"line":237,"column":75},"end":{"line":237,"column":77}}]},"28":{"loc":{"start":{"line":239,"column":24},"end":{"line":239,"column":57}},"type":"cond-expr","locations":[{"start":{"line":239,"column":38},"end":{"line":239,"column":44}},{"start":{"line":239,"column":47},"end":{"line":239,"column":57}}]},"29":{"loc":{"start":{"line":257,"column":38},"end":{"line":257,"column":77}},"type":"cond-expr","locations":[{"start":{"line":257,"column":52},"end":{"line":257,"column":66}},{"start":{"line":257,"column":69},"end":{"line":257,"column":77}}]},"30":{"loc":{"start":{"line":279,"column":13},"end":{"line":279,"column":55}},"type":"cond-expr","locations":[{"start":{"line":279,"column":24},"end":{"line":279,"column":40}},{"start":{"line":279,"column":43},"end":{"line":279,"column":55}}]}},"s":{"0":1,"1":1,"2":1,"3":27,"4":27,"5":27,"6":27,"7":27,"8":27,"9":27,"10":27,"11":27,"12":27,"13":27,"14":27,"15":27,"16":27,"17":27,"18":27,"19":27,"20":27,"21":27,"22":18,"23":27,"24":3,"25":3,"26":3,"27":3,"28":1,"29":3,"30":1,"31":3,"32":1,"33":3,"34":1,"35":3,"36":1,"37":3,"38":1,"39":3,"40":1,"41":3,"42":1,"43":3,"44":0,"45":3,"46":3,"47":4,"48":2,"49":2,"50":2,"51":2,"52":1,"53":1,"54":1,"55":0,"56":0,"57":0,"58":0,"59":1,"60":2,"61":27,"62":1,"63":1,"64":27,"65":0,"66":0,"67":1},"f":{"0":27,"1":18,"2":3,"3":3,"4":0,"5":1,"6":0,"7":0},"b":{"0":[0],"1":[1,2],"2":[1,2],"3":[1,2],"4":[1,2],"5":[1,2],"6":[1,2],"7":[1,2],"8":[1,2],"9":[0,3],"10":[1,2],"11":[0,1],"12":[0,0],"13":[0,0],"14":[0,0],"15":[27,2],"16":[1,1],"17":[1,26],"18":[1,26],"19":[1,26],"20":[1,26],"21":[1,26],"22":[1,26],"23":[1,26],"24":[1,26],"25":[0,27],"26":[0,27],"27":[0,27],"28":[0,27],"29":[0,27],"30":[2,25]}}
}
