TN:
SF:src\components\RegisterForm.tsx
FN:20,(anonymous_24)
FN:39,(anonymous_25)
FN:43,(anonymous_26)
FN:43,(anonymous_27)
FN:80,(anonymous_29)
FN:91,(anonymous_30)
FN:217,(anonymous_31)
FN:247,(anonymous_32)
FNF:8
FNH:5
FNDA:27,(anonymous_24)
FNDA:18,(anonymous_25)
FNDA:3,(anonymous_26)
FNDA:3,(anonymous_27)
FNDA:0,(anonymous_29)
FNDA:1,(anonymous_30)
FNDA:0,(anonymous_31)
FNDA:0,(anonymous_32)
DA:1,1
DA:2,1
DA:20,1
DA:21,27
DA:33,27
DA:34,27
DA:35,27
DA:36,27
DA:37,27
DA:39,27
DA:40,18
DA:43,27
DA:44,3
DA:45,3
DA:47,3
DA:48,3
DA:49,3
DA:51,3
DA:52,3
DA:53,3
DA:54,3
DA:55,3
DA:56,3
DA:58,3
DA:59,3
DA:61,4
DA:62,2
DA:65,2
DA:71,2
DA:76,1
DA:77,1
DA:78,1
DA:80,0
DA:81,0
DA:84,1
DA:86,2
DA:91,27
DA:92,1
DA:103,1
DA:106,27
DA:217,0
DA:247,0
DA:291,1
LF:43
LH:39
BRDA:80,0,0,0
BRDA:47,1,0,1
BRDA:47,1,1,2
BRDA:48,2,0,1
BRDA:48,2,1,2
BRDA:49,3,0,1
BRDA:49,3,1,2
BRDA:51,4,0,1
BRDA:51,4,1,2
BRDA:52,5,0,1
BRDA:52,5,1,2
BRDA:53,6,0,1
BRDA:53,6,1,2
BRDA:54,7,0,1
BRDA:54,7,1,2
BRDA:55,8,0,1
BRDA:55,8,1,2
BRDA:56,9,0,0
BRDA:56,9,1,3
BRDA:61,10,0,1
BRDA:61,10,1,2
BRDA:76,11,0,0
BRDA:76,11,1,1
BRDA:81,12,0,0
BRDA:81,12,1,0
BRDA:81,13,0,0
BRDA:81,13,1,0
BRDA:81,14,0,0
BRDA:81,14,1,0
BRDA:112,15,0,27
BRDA:112,15,1,2
BRDA:113,16,0,1
BRDA:113,16,1,1
BRDA:124,17,0,1
BRDA:124,17,1,26
BRDA:135,18,0,1
BRDA:135,18,1,26
BRDA:146,19,0,1
BRDA:146,19,1,26
BRDA:157,20,0,1
BRDA:157,20,1,26
BRDA:168,21,0,1
BRDA:168,21,1,26
BRDA:179,22,0,1
BRDA:179,22,1,26
BRDA:194,23,0,1
BRDA:194,23,1,26
BRDA:207,24,0,1
BRDA:207,24,1,26
BRDA:209,25,0,0
BRDA:209,25,1,27
BRDA:227,26,0,0
BRDA:227,26,1,27
BRDA:237,27,0,0
BRDA:237,27,1,27
BRDA:239,28,0,0
BRDA:239,28,1,27
BRDA:257,29,0,0
BRDA:257,29,1,27
BRDA:279,30,0,2
BRDA:279,30,1,25
BRF:61
BRH:47
end_of_record
